Unity Editor version:    2021.3.11f1 (0a5ca18544bf)
Branch:                  2021.3/staging
Build type:              Release
Batch mode:              YES
System name:             Linux
Distro version:          #59~20.04.1-Ubuntu SMP Thu Oct 20 15:10:22 UTC 2022
Kernel version:          5.15.0-53-generic
Architecture:            x86_64
Available memory:        32046 MB
Using pre-set license
Pro License: YES

(Unity:14421): Gdk-CRITICAL **: 12:17:42.652: gdk_window_get_cursor: assertion 'GDK_IS_WINDOW (window)' failed
Desktop is 3840 x 1080 @ 60 Hz
Initialize udev device monitor.

COMMAND LINE ARGUMENTS:
Unity
-adb2
-batchMode
-noUpm
-name
AssetImportWorker0
-projectPath
/mnt/610f68dd-fbc0-49a0-ad55-5625dab5d58a/Github/Marble Run Racer
-logFile
Logs/AssetImportWorker0.log
-srvPort
43005
Successfully changed project path to: /mnt/610f68dd-fbc0-49a0-ad55-5625dab5d58a/Github/Marble Run Racer
/mnt/610f68dd-fbc0-49a0-ad55-5625dab5d58a/Github/Marble Run Racer
[UnityMemory] Configuration Parameters - Can be set up in boot.config
    "memorysetup-bucket-allocator-granularity=16"
    "memorysetup-bucket-allocator-bucket-count=8"
    "memorysetup-bucket-allocator-block-size=33554432"
    "memorysetup-bucket-allocator-block-count=8"
    "memorysetup-main-allocator-block-size=16777216"
    "memorysetup-thread-allocator-block-size=16777216"
    "memorysetup-gfx-main-allocator-block-size=16777216"
    "memorysetup-gfx-thread-allocator-block-size=16777216"
    "memorysetup-cache-allocator-block-size=4194304"
    "memorysetup-typetree-allocator-block-size=2097152"
    "memorysetup-profiler-bucket-allocator-granularity=16"
    "memorysetup-profiler-bucket-allocator-bucket-count=8"
    "memorysetup-profiler-bucket-allocator-block-size=33554432"
    "memorysetup-profiler-bucket-allocator-block-count=8"
    "memorysetup-profiler-allocator-block-size=16777216"
    "memorysetup-profiler-editor-allocator-block-size=1048576"
    "memorysetup-temp-allocator-size-main=16777216"
    "memorysetup-job-temp-allocator-block-size=2097152"
    "memorysetup-job-temp-allocator-block-size-background=1048576"
    "memorysetup-job-temp-allocator-reduction-small-platforms=262144"
    "memorysetup-temp-allocator-size-background-worker=32768"
    "memorysetup-temp-allocator-size-job-worker=262144"
    "memorysetup-temp-allocator-size-preload-manager=33554432"
    "memorysetup-temp-allocator-size-nav-mesh-worker=65536"
    "memorysetup-temp-allocator-size-audio-worker=65536"
    "memorysetup-temp-allocator-size-cloud-worker=32768"
    "memorysetup-temp-allocator-size-gi-baking-worker=262144"
    "memorysetup-temp-allocator-size-gfx=262144"
Refreshing native plugins compatible for Editor in 143.60 ms, found 0 plugins.
Preloading 0 native plugins for Editor in 0.00 ms.
Initialize engine version: 2021.3.11f1 (0a5ca18544bf)
[Subsystems] Discovering subsystems at path /mnt/610f68dd-fbc0-49a0-ad55-5625dab5d58a/UnityHub/2021.3.11f1/Editor/Data/Resources/UnitySubsystems
[Subsystems] Discovering subsystems at path /mnt/610f68dd-fbc0-49a0-ad55-5625dab5d58a/Github/Marble Run Racer/Assets
GLX Extensions: GLX_ARB_get_proc_address GLX_ARB_multisample GLX_EXT_visual_info GLX_EXT_visual_rating GLX_EXT_import_context GLX_SGI_video_sync GLX_SGIX_fbconfig GLX_SGIX_pbuffer GLX_SGI_swap_control GLX_EXT_swap_control GLX_EXT_swap_control_tear GLX_EXT_buffer_age GLX_ARB_create_context GLX_ARB_create_context_profile GLX_NV_float_buffer GLX_ARB_fbconfig_float GLX_EXT_texture_from_pixmap GLX_EXT_framebuffer_sRGB GLX_NV_copy_image GLX_EXT_create_context_es_profile GLX_EXT_create_context_es2_profile GLX_ARB_create_context_no_error GLX_ARB_create_context_robustness GLX_NV_delay_before_swap GLX_EXT_stereo_tree GLX_ARB_context_flush_control GLX_NV_robustness_video_memory_purge GLX_NV_multigpu_context 
Renderer: NVIDIA GeForce GTX 1070/PCIe/SSE2
Vendor:   NVIDIA Corporation
Version:  4.5.0 NVIDIA 510.85.02
GLES:     0
 GL_AMD_multi_draw_indirect GL_AMD_seamless_cubemap_per_texture GL_AMD_vertex_shader_viewport_index GL_AMD_vertex_shader_layer GL_ARB_arrays_of_arrays GL_ARB_base_instance GL_ARB_bindless_texture GL_ARB_blend_func_extended GL_ARB_buffer_storage GL_ARB_clear_buffer_object GL_ARB_clear_texture GL_ARB_clip_control GL_ARB_color_buffer_float GL_ARB_compressed_texture_pixel_storage GL_ARB_conservative_depth GL_ARB_compute_shader GL_ARB_compute_variable_group_size GL_ARB_conditional_render_inverted GL_ARB_copy_buffer GL_ARB_copy_image GL_ARB_cull_distance GL_ARB_debug_output GL_ARB_depth_buffer_float GL_ARB_depth_clamp GL_ARB_depth_texture GL_ARB_derivative_control GL_ARB_direct_state_access GL_ARB_draw_buffers GL_ARB_draw_buffers_blend GL_ARB_draw_indirect GL_ARB_draw_elements_base_vertex GL_ARB_draw_instanced GL_ARB_enhanced_layouts GL_ARB_ES2_compatibility GL_ARB_ES3_compatibility GL_ARB_ES3_1_compatibility GL_ARB_ES3_2_compatibility GL_ARB_explicit_attrib_location GL_ARB_explicit_uniform_location GL_ARB_fragmen
t_coord_conventions GL_ARB_fragment_layer_viewport GL_ARB_fragment_program GL_ARB_fragment_program_shadow GL_ARB_fragment_shader GL_ARB_fragment_shader_interlock GL_ARB_framebuffer_no_attachments GL_ARB_framebuffer_object GL_ARB_framebuffer_sRGB GL_ARB_geometry_shader4 GL_ARB_get_program_binary GL_ARB_get_texture_sub_image GL_ARB_gl_spirv GL_ARB_gpu_shader5 GL_ARB_gpu_shader_fp64 GL_ARB_gpu_shader_int64 GL_ARB_half_float_pixel GL_ARB_half_float_vertex GL_ARB_imaging GL_ARB_indirect_parameters GL_ARB_instanced_arrays GL_ARB_internalformat_query GL_ARB_internalformat_query2 GL_ARB_invalidate_subdata GL_ARB_map_buffer_alignment GL_ARB_map_buffer_range GL_ARB_multi_bind GL_ARB_multi_draw_indirect GL_ARB_multisample GL_ARB_multitexture GL_ARB_occlusion_query GL_ARB_occlusion_query2 GL_ARB_parallel_shader_compile GL_ARB_pipeline_statistics_query GL_ARB_pixel_buffer_object GL_ARB_point_parameters GL_ARB_point_sprite GL_ARB_polygon_offset_clamp GL_ARB_post_depth_coverage GL_ARB_program_interface_query GL_ARB_provoki
ng_vertex GL_ARB_query_buffer_object GL_ARB_robust_buffer_access_behavior GL_ARB_robustness GL_ARB_sample_locations GL_ARB_sample_shading GL_ARB_sampler_objects GL_ARB_seamless_cube_map GL_ARB_seamless_cubemap_per_texture GL_ARB_separate_shader_objects GL_ARB_shader_atomic_counter_ops GL_ARB_shader_atomic_counters GL_ARB_shader_ballot GL_ARB_shader_bit_encoding GL_ARB_shader_clock GL_ARB_shader_draw_parameters GL_ARB_shader_group_vote GL_ARB_shader_image_load_store GL_ARB_shader_image_size GL_ARB_shader_objects GL_ARB_shader_precision GL_ARB_shader_storage_buffer_object GL_ARB_shader_subroutine GL_ARB_shader_texture_image_samples GL_ARB_shader_texture_lod GL_ARB_shading_language_100 GL_ARB_shader_viewport_layer_array GL_ARB_shading_language_420pack GL_ARB_shading_language_include GL_ARB_shading_language_packing GL_ARB_shadow GL_ARB_sparse_buffer GL_ARB_sparse_texture GL_ARB_sparse_texture2 GL_ARB_sparse_texture_clamp GL_ARB_spirv_extensions GL_ARB_stencil_texturing GL_ARB_sync GL_ARB_tessellation_shader GL_A
RB_texture_barrier GL_ARB_texture_border_clamp GL_ARB_texture_buffer_object GL_ARB_texture_buffer_object_rgb32 GL_ARB_texture_buffer_range GL_ARB_texture_compression GL_ARB_texture_compression_bptc GL_ARB_texture_compression_rgtc GL_ARB_texture_cube_map GL_ARB_texture_cube_map_array GL_ARB_texture_env_add GL_ARB_texture_env_combine GL_ARB_texture_env_crossbar GL_ARB_texture_env_dot3 GL_ARB_texture_filter_anisotropic GL_ARB_texture_filter_minmax GL_ARB_texture_float GL_ARB_texture_gather GL_ARB_texture_mirror_clamp_to_edge GL_ARB_texture_mirrored_repeat GL_ARB_texture_multisample GL_ARB_texture_non_power_of_two GL_ARB_texture_query_levels GL_ARB_texture_query_lod GL_ARB_texture_rectangle GL_ARB_texture_rg GL_ARB_texture_rgb10_a2ui GL_ARB_texture_stencil8 GL_ARB_texture_storage GL_ARB_texture_storage_multisample GL_ARB_texture_swizzle GL_ARB_texture_view GL_ARB_timer_query GL_ARB_transform_feedback2 GL_ARB_transform_feedback3 GL_ARB_transform_feedback_instanced GL_ARB_transform_feedback_overflow_query GL_ARB_t
ranspose_matrix GL_ARB_uniform_buffer_object GL_ARB_vertex_array_bgra GL_ARB_vertex_array_object GL_ARB_vertex_attrib_64bit GL_ARB_vertex_attrib_binding GL_ARB_vertex_buffer_object GL_ARB_vertex_program GL_ARB_vertex_shader GL_ARB_vertex_type_10f_11f_11f_rev GL_ARB_vertex_type_2_10_10_10_rev GL_ARB_viewport_array GL_ARB_window_pos GL_ATI_draw_buffers GL_ATI_texture_float GL_ATI_texture_mirror_once GL_S3_s3tc GL_EXT_texture_env_add GL_EXT_abgr GL_EXT_bgra GL_EXT_bindable_uniform GL_EXT_blend_color GL_EXT_blend_equation_separate GL_EXT_blend_func_separate GL_EXT_blend_minmax GL_EXT_blend_subtract GL_EXT_compiled_vertex_array GL_EXT_Cg_shader GL_EXT_depth_bounds_test GL_EXT_direct_state_access GL_EXT_draw_buffers2 GL_EXT_draw_instanced GL_EXT_draw_range_elements GL_EXT_fog_coord GL_EXT_framebuffer_blit GL_EXT_framebuffer_multisample GL_EXTX_framebuffer_mixed_formats GL_EXT_framebuffer_multisample_blit_scaled GL_EXT_framebuffer_object GL_EXT_framebuffer_sRGB GL_EXT_geometry_shader4 GL_EXT_gpu_program_parameters 
GL_EXT_gpu_shader4 GL_EXT_multi_draw_arrays GL_EXT_multiview_texture_multisample GL_EXT_multiview_timer_query GL_EXT_packed_depth_stencil GL_EXT_packed_float GL_EXT_packed_pixels GL_EXT_pixel_buffer_object GL_EXT_point_parameters GL_EXT_polygon_offset_clamp GL_EXT_post_depth_coverage GL_EXT_provoking_vertex GL_EXT_raster_multisample GL_EXT_rescale_normal GL_EXT_secondary_color GL_EXT_separate_shader_objects GL_EXT_separate_specular_color GL_EXT_shader_image_load_formatted GL_EXT_shader_image_load_store GL_EXT_shader_integer_mix GL_EXT_shadow_funcs GL_EXT_sparse_texture2 GL_EXT_stencil_two_side GL_EXT_stencil_wrap GL_EXT_texture3D GL_EXT_texture_array GL_EXT_texture_buffer_object GL_EXT_texture_compression_dxt1 GL_EXT_texture_compression_latc GL_EXT_texture_compression_rgtc GL_EXT_texture_compression_s3tc GL_EXT_texture_cube_map GL_EXT_texture_edge_clamp GL_EXT_texture_env_combine GL_EXT_texture_env_dot3 GL_EXT_texture_filter_anisotropic GL_EXT_texture_filter_minmax GL_EXT_texture_integer GL_EXT_texture_lod G
L_EXT_texture_lod_bias GL_EXT_texture_mirror_clamp GL_EXT_texture_object GL_EXT_texture_shadow_lod GL_EXT_texture_shared_exponent GL_EXT_texture_sRGB GL_EXT_texture_sRGB_R8 GL_EXT_texture_sRGB_decode GL_EXT_texture_storage GL_EXT_texture_swizzle GL_EXT_timer_query GL_EXT_transform_feedback2 GL_EXT_vertex_array GL_EXT_vertex_array_bgra GL_EXT_vertex_attrib_64bit GL_EXT_window_rectangles GL_EXT_x11_sync_object GL_EXT_import_sync_object GL_NV_robustness_video_memory_purge GL_IBM_rasterpos_clip GL_IBM_texture_mirrored_repeat GL_KHR_context_flush_control GL_KHR_debug GL_EXT_memory_object GL_EXT_memory_object_fd GL_NV_memory_object_sparse GL_KHR_parallel_shader_compile GL_KHR_no_error GL_KHR_robust_buffer_access_behavior GL_KHR_robustness GL_EXT_semaphore GL_EXT_semaphore_fd GL_NV_timeline_semaphore GL_KHR_shader_subgroup GL_KTX_buffer_region GL_NV_alpha_to_coverage_dither_control GL_NV_bindless_multi_draw_indirect GL_NV_bindless_multi_draw_indirect_count GL_NV_bindless_texture GL_NV_blend_equation_advanced GL_NV_
blend_equation_advanced_coherent GL_NVX_blend_equation_advanced_multi_draw_buffers GL_NV_blend_minmax_factor GL_NV_blend_square GL_NV_clip_space_w_scaling GL_NV_command_list GL_NV_compute_program5 GL_NV_conditional_render GL_NV_conservative_raster GL_NV_conservative_raster_dilate GL_NV_conservative_raster_pre_snap_triangles GL_NV_copy_depth_to_color GL_NV_copy_image GL_NV_depth_buffer_float GL_NV_depth_clamp GL_NV_draw_texture GL_NV_draw_vulkan_image GL_NV_ES1_1_compatibility GL_NV_ES3_1_compatibility GL_NV_explicit_multisample GL_NV_feature_query GL_NV_fence GL_NV_fill_rectangle GL_NV_float_buffer GL_NV_fog_distance GL_NV_fragment_coverage_to_color GL_NV_fragment_program GL_NV_fragment_program_option GL_NV_fragment_program2 GL_NV_fragment_shader_interlock GL_NV_framebuffer_mixed_samples GL_NV_framebuffer_multisample_coverage GL_NV_geometry_shader4 GL_NV_geometry_shader_passthrough GL_NV_gpu_program4 GL_NV_internalformat_sample_query GL_NV_gpu_program4_1 GL_NV_gpu_program5 GL_NV_gpu_program5_mem_extended GL_
NV_gpu_program_fp64 GL_NV_gpu_shader5 GL_NV_half_float GL_NV_light_max_exponent GL_NV_memory_attachment GL_NV_multisample_coverage GL_NV_multisample_filter_hint GL_NV_occlusion_query GL_NV_packed_depth_stencil GL_NV_parameter_buffer_object GL_NV_parameter_buffer_object2 GL_NV_path_rendering GL_NV_path_rendering_shared_edge GL_NV_pixel_data_range GL_NV_point_sprite GL_NV_primitive_restart GL_NV_query_resource GL_NV_query_resource_tag GL_NV_register_combiners GL_NV_register_combiners2 GL_NV_sample_locations GL_NV_sample_mask_override_coverage GL_NV_shader_atomic_counters GL_NV_shader_atomic_float GL_NV_shader_atomic_float64 GL_NV_shader_atomic_fp16_vector GL_NV_shader_atomic_int64 GL_NV_shader_buffer_load GL_NV_shader_storage_buffer_object GL_NV_shader_subgroup_partitioned GL_NV_stereo_view_rendering GL_NV_texgen_reflection GL_NV_texture_barrier GL_NV_texture_compression_vtc GL_NV_texture_env_combine4 GL_NV_texture_multisample GL_NV_texture_rectangle GL_NV_texture_rectangle_compressed GL_NV_texture_shader GL_N
V_texture_shader2 GL_NV_texture_shader3 GL_NV_transform_feedback GL_NV_transform_feedback2 GL_NV_uniform_buffer_unified_memory GL_NV_vdpau_interop GL_NV_vdpau_interop2 GL_NV_vertex_array_range GL_NV_vertex_array_range2 GL_NV_vertex_attrib_integer_64bit GL_NV_vertex_buffer_unified_memory GL_NV_vertex_program GL_NV_vertex_program1_1 GL_NV_vertex_program2 GL_NV_vertex_program2_option GL_NV_vertex_program3 GL_NV_viewport_array2 GL_NV_viewport_swizzle GL_NVX_conditional_render GL_NV_gpu_multicast GL_NVX_progress_fence GL_NVX_gpu_memory_info GL_NVX_nvenc_interop GL_NV_shader_thread_group GL_NV_shader_thread_shuffle GL_KHR_blend_equation_advanced GL_KHR_blend_equation_advanced_coherent GL_OVR_multiview GL_OVR_multiview2 GL_SGIS_generate_mipmap GL_SGIS_texture_lod GL_SGIX_depth_texture GL_SGIX_shadow GL_SUN_slice_accum
OPENGL LOG: Creating OpenGL 4.5 graphics device ; Context level  <OpenGL 4.5> ; Context handle -1457808040
Initialize mono
Mono path[0] = '/mnt/610f68dd-fbc0-49a0-ad55-5625dab5d58a/UnityHub/2021.3.11f1/Editor/Data/Managed'
Mono path[1] = '/mnt/610f68dd-fbc0-49a0-ad55-5625dab5d58a/UnityHub/2021.3.11f1/Editor/Data/MonoBleedingEdge/lib/mono/unityjit-linux'
Mono config path = '/mnt/610f68dd-fbc0-49a0-ad55-5625dab5d58a/UnityHub/2021.3.11f1/Editor/Data/MonoBleedingEdge/etc'
Using monoOptions --debugger-agent=transport=dt_socket,embedding=1,server=y,suspend=n,address=127.0.0.1:56421
Begin MonoManager ReloadAssembly
Registering precompiled unity dll's ...
Register platform support module: /mnt/610f68dd-fbc0-49a0-ad55-5625dab5d58a/UnityHub/2021.3.11f1/Editor/Data/PlaybackEngines/WebGLSupport/UnityEditor.WebGL.Extensions.dll
Register platform support module: /mnt/610f68dd-fbc0-49a0-ad55-5625dab5d58a/UnityHub/2021.3.11f1/Editor/Data/PlaybackEngines/MacStandaloneSupport/UnityEditor.OSXStandalone.Extensions.dll
Register platform support module: /mnt/610f68dd-fbc0-49a0-ad55-5625dab5d58a/UnityHub/2021.3.11f1/Editor/Data/PlaybackEngines/WindowsStandaloneSupport/UnityEditor.WindowsStandalone.Extensions.dll
Register platform support module: /mnt/610f68dd-fbc0-49a0-ad55-5625dab5d58a/UnityHub/2021.3.11f1/Editor/Data/PlaybackEngines/LinuxStandaloneSupport/UnityEditor.LinuxStandalone.Extensions.dll
Registered in 0.007052 seconds.
Native extension for LinuxStandalone target not found
Native extension for WindowsStandalone target not found
Native extension for OSXStandalone target not found
Native extension for WebGL target not found
Refreshing native plugins compatible for Editor in 152.74 ms, found 0 plugins.
Preloading 0 native plugins for Editor in 0.00 ms.
Mono: successfully reloaded assembly
- Completed reload, in  0.917 seconds
Domain Reload Profiling:
	ReloadAssembly (917ms)
		BeginReloadAssembly (70ms)
			ExecutionOrderSort (0ms)
			DisableScriptedObjects (0ms)
			BackupInstance (0ms)
			ReleaseScriptingObjects (0ms)
			CreateAndSetChildDomain (1ms)
		EndReloadAssembly (688ms)
			LoadAssemblies (68ms)
			RebuildTransferFunctionScriptingTraits (0ms)
			SetupTypeCache (143ms)
			ReleaseScriptCaches (0ms)
			RebuildScriptCaches (42ms)
			SetupLoadedEditorAssemblies (438ms)
				LogAssemblyErrors (0ms)
				InitializePlatformSupportModulesInManaged (15ms)
				SetLoadedEditorAssemblies (0ms)
				RefreshPlugins (153ms)
				BeforeProcessingInitializeOnLoad (2ms)
				ProcessInitializeOnLoadAttributes (211ms)
				ProcessInitializeOnLoadMethodAttributes (57ms)
				AfterProcessingInitializeOnLoad (0ms)
				EditorAssembliesLoaded (0ms)
			ExecutionOrderSort2 (0ms)
			AwakeInstancesAfterBackupRestoration (0ms)
Platform modules already initialized, skipping
Registering precompiled user dll's ...
Registered in 0.005908 seconds.
Begin MonoManager ReloadAssembly
Symbol file LoadedFromMemory doesn't match image /mnt/610f68dd-fbc0-49a0-ad55-5625dab5d58a/Github/Marble Run Racer/Library/PackageCache/com.unity.visualscripting@1.7.8/Editor/VisualScripting.Core/Dependencies/YamlDotNet/Unity.VisualScripting.YamlDotNet.dll
Symbol file LoadedFromMemory doesn't match image /mnt/610f68dd-fbc0-49a0-ad55-5625dab5d58a/Github/Marble Run Racer/Library/PackageCache/com.unity.visualscripting@1.7.8/Editor/VisualScripting.Core/Dependencies/DotNetZip/Unity.VisualScripting.IonicZip.dll
Native extension for LinuxStandalone target not found
Native extension for WindowsStandalone target not found
Native extension for OSXStandalone target not found
Native extension for WebGL target not found
Refreshing native plugins compatible for Editor in 153.14 ms, found 0 plugins.
Preloading 0 native plugins for Editor in 0.00 ms.
UpdateMenuTitleForLanguage: 10
Mono: successfully reloaded assembly
- Completed reload, in  1.756 seconds
Domain Reload Profiling:
	ReloadAssembly (1757ms)
		BeginReloadAssembly (121ms)
			ExecutionOrderSort (0ms)
			DisableScriptedObjects (8ms)
			BackupInstance (0ms)
			ReleaseScriptingObjects (0ms)
			CreateAndSetChildDomain (28ms)
		EndReloadAssembly (1478ms)
			LoadAssemblies (71ms)
			RebuildTransferFunctionScriptingTraits (0ms)
			SetupTypeCache (414ms)
			ReleaseScriptCaches (1ms)
			RebuildScriptCaches (91ms)
			SetupLoadedEditorAssemblies (821ms)
				LogAssemblyErrors (0ms)
				InitializePlatformSupportModulesInManaged (19ms)
				SetLoadedEditorAssemblies (0ms)
				RefreshPlugins (153ms)
				BeforeProcessingInitializeOnLoad (149ms)
				ProcessInitializeOnLoadAttributes (345ms)
				ProcessInitializeOnLoadMethodAttributes (148ms)
				AfterProcessingInitializeOnLoad (6ms)
				EditorAssembliesLoaded (0ms)
			ExecutionOrderSort2 (0ms)
			AwakeInstancesAfterBackupRestoration (5ms)
Platform modules already initialized, skipping
========================================================================
Worker process is ready to serve import requests
Launched and connected shader compiler UnityShaderCompiler after 0.02 seconds
Refreshing native plugins compatible for Editor in 1.02 ms, found 0 plugins.
Preloading 0 native plugins for Editor in 0.00 ms.
Unloading 5265 Unused Serialized files (Serialized files now loaded: 0)
Unloading 50 unused Assets / (2.0 MB). Loaded Objects now: 5701.
Memory consumption went from 204.5 MB to 202.4 MB.
Total: 13.056054 ms (FindLiveObjects: 0.842530 ms CreateObjectMapping: 0.439020 ms MarkObjects: 10.498364 ms  DeleteObjects: 1.274010 ms)

AssetImportParameters requested are different than current active one (requested -> active):
  custom:video-decoder-ogg-theora: a1e56fd34408186e4bbccfd4996cb3dc -> 
  custom:container-muxer-webm: aa71ff27fc2769a1b78a27578f13a17b -> 
  custom:container-demuxer-webm: 4f35f7cbe854078d1ac9338744f61a02 -> 
  custom:video-encoder-webm-vp8: eb34c28f22e8b96e1ab97ce403110664 -> 
  custom:audio-encoder-webm-vorbis: bf7c407c2cedff20999df2af8eb42d56 -> 
  custom:container-demuxer-ogg: 62fdf1f143b41e24485cea50d1cbac27 -> 
  custom:video-decoder-webm-vp8: 9c59270c3fd7afecdb556c50c9e8de78 -> 
  custom:audio-decoder-ogg-vorbis: bf7c407c2cedff20999df2af8eb42d56 -> 
========================================================================
Received Import Request.
  Time since last request: 6778.319285 seconds.
  path: Assets/Models/Pipes/Raw Models
  artifactKey: Guid(521b6afa4099460af98eff7e7c465a04) Importer(815301076,1909f56bfc062723c751e8b465ee728b)
Start importing Assets/Models/Pipes/Raw Models using Guid(521b6afa4099460af98eff7e7c465a04) Importer(815301076,1909f56bfc062723c751e8b465ee728b)  -> (artifact id: '2eae7ca307bf293fee42acb6d9a41cf1') in 0.026880 seconds 
========================================================================
Received Prepare
Registering precompiled user dll's ...
Registered in 0.005257 seconds.
Begin MonoManager ReloadAssembly
Symbol file LoadedFromMemory doesn't match image /mnt/610f68dd-fbc0-49a0-ad55-5625dab5d58a/Github/Marble Run Racer/Library/PackageCache/com.unity.visualscripting@1.7.8/Editor/VisualScripting.Core/Dependencies/YamlDotNet/Unity.VisualScripting.YamlDotNet.dll
Symbol file LoadedFromMemory doesn't match image /mnt/610f68dd-fbc0-49a0-ad55-5625dab5d58a/Github/Marble Run Racer/Library/PackageCache/com.unity.visualscripting@1.7.8/Editor/VisualScripting.Core/Dependencies/DotNetZip/Unity.VisualScripting.IonicZip.dll
Native extension for LinuxStandalone target not found
Native extension for WindowsStandalone target not found
Native extension for OSXStandalone target not found
Native extension for WebGL target not found
Refreshing native plugins compatible for Editor in 1.08 ms, found 0 plugins.
Preloading 0 native plugins for Editor in 0.00 ms.
Mono: successfully reloaded assembly
- Completed reload, in  1.523 seconds
Domain Reload Profiling:
	ReloadAssembly (1524ms)
		BeginReloadAssembly (160ms)
			ExecutionOrderSort (0ms)
			DisableScriptedObjects (7ms)
			BackupInstance (0ms)
			ReleaseScriptingObjects (0ms)
			CreateAndSetChildDomain (59ms)
		EndReloadAssembly (1232ms)
			LoadAssemblies (66ms)
			RebuildTransferFunctionScriptingTraits (0ms)
			SetupTypeCache (410ms)
			ReleaseScriptCaches (2ms)
			RebuildScriptCaches (67ms)
			SetupLoadedEditorAssemblies (606ms)
				LogAssemblyErrors (0ms)
				InitializePlatformSupportModulesInManaged (25ms)
				SetLoadedEditorAssemblies (1ms)
				RefreshPlugins (1ms)
				BeforeProcessingInitializeOnLoad (108ms)
				ProcessInitializeOnLoadAttributes (317ms)
				ProcessInitializeOnLoadMethodAttributes (147ms)
				AfterProcessingInitializeOnLoad (6ms)
				EditorAssembliesLoaded (0ms)
			ExecutionOrderSort2 (0ms)
			AwakeInstancesAfterBackupRestoration (5ms)
Platform modules already initialized, skipping
Refreshing native plugins compatible for Editor in 2.49 ms, found 0 plugins.
Preloading 0 native plugins for Editor in 0.00 ms.
Unloading 5151 Unused Serialized files (Serialized files now loaded: 0)
Unloading 43 unused Assets / (2.0 MB). Loaded Objects now: 5704.
Memory consumption went from 193.2 MB to 191.1 MB.
Total: 10.248073 ms (FindLiveObjects: 0.768881 ms CreateObjectMapping: 0.326550 ms MarkObjects: 8.051402 ms  DeleteObjects: 1.098570 ms)

AssetImportParameters requested are different than current active one (requested -> active):
  custom:video-decoder-ogg-theora: a1e56fd34408186e4bbccfd4996cb3dc -> 
  custom:container-muxer-webm: aa71ff27fc2769a1b78a27578f13a17b -> 
  custom:container-demuxer-webm: 4f35f7cbe854078d1ac9338744f61a02 -> 
  custom:video-encoder-webm-vp8: eb34c28f22e8b96e1ab97ce403110664 -> 
  custom:audio-encoder-webm-vorbis: bf7c407c2cedff20999df2af8eb42d56 -> 
  custom:container-demuxer-ogg: 62fdf1f143b41e24485cea50d1cbac27 -> 
  custom:video-decoder-webm-vp8: 9c59270c3fd7afecdb556c50c9e8de78 -> 
  custom:audio-decoder-ogg-vorbis: bf7c407c2cedff20999df2af8eb42d56 -> 
========================================================================
Received Prepare
Registering precompiled user dll's ...
Registered in 0.005400 seconds.
Begin MonoManager ReloadAssembly
Symbol file LoadedFromMemory doesn't match image /mnt/610f68dd-fbc0-49a0-ad55-5625dab5d58a/Github/Marble Run Racer/Library/PackageCache/com.unity.visualscripting@1.7.8/Editor/VisualScripting.Core/Dependencies/YamlDotNet/Unity.VisualScripting.YamlDotNet.dll
Symbol file LoadedFromMemory doesn't match image /mnt/610f68dd-fbc0-49a0-ad55-5625dab5d58a/Github/Marble Run Racer/Library/PackageCache/com.unity.visualscripting@1.7.8/Editor/VisualScripting.Core/Dependencies/DotNetZip/Unity.VisualScripting.IonicZip.dll
Native extension for LinuxStandalone target not found
Native extension for WindowsStandalone target not found
Native extension for OSXStandalone target not found
Native extension for WebGL target not found
Refreshing native plugins compatible for Editor in 1.12 ms, found 0 plugins.
Preloading 0 native plugins for Editor in 0.00 ms.
Mono: successfully reloaded assembly
- Completed reload, in  1.556 seconds
Domain Reload Profiling:
	ReloadAssembly (1557ms)
		BeginReloadAssembly (165ms)
			ExecutionOrderSort (0ms)
			DisableScriptedObjects (7ms)
			BackupInstance (0ms)
			ReleaseScriptingObjects (0ms)
			CreateAndSetChildDomain (55ms)
		EndReloadAssembly (1259ms)
			LoadAssemblies (72ms)
			RebuildTransferFunctionScriptingTraits (0ms)
			SetupTypeCache (403ms)
			ReleaseScriptCaches (2ms)
			RebuildScriptCaches (72ms)
			SetupLoadedEditorAssemblies (643ms)
				LogAssemblyErrors (0ms)
				InitializePlatformSupportModulesInManaged (24ms)
				SetLoadedEditorAssemblies (1ms)
				RefreshPlugins (1ms)
				BeforeProcessingInitializeOnLoad (111ms)
				ProcessInitializeOnLoadAttributes (329ms)
				ProcessInitializeOnLoadMethodAttributes (170ms)
				AfterProcessingInitializeOnLoad (6ms)
				EditorAssembliesLoaded (0ms)
			ExecutionOrderSort2 (0ms)
			AwakeInstancesAfterBackupRestoration (5ms)
Platform modules already initialized, skipping
Refreshing native plugins compatible for Editor in 2.51 ms, found 0 plugins.
Preloading 0 native plugins for Editor in 0.00 ms.
Unloading 5151 Unused Serialized files (Serialized files now loaded: 0)
Unloading 43 unused Assets / (2.0 MB). Loaded Objects now: 5707.
Memory consumption went from 193.2 MB to 191.1 MB.
Total: 6.232432 ms (FindLiveObjects: 0.544900 ms CreateObjectMapping: 0.181170 ms MarkObjects: 4.553852 ms  DeleteObjects: 0.951070 ms)

AssetImportParameters requested are different than current active one (requested -> active):
  custom:video-decoder-ogg-theora: a1e56fd34408186e4bbccfd4996cb3dc -> 
  custom:container-muxer-webm: aa71ff27fc2769a1b78a27578f13a17b -> 
  custom:container-demuxer-webm: 4f35f7cbe854078d1ac9338744f61a02 -> 
  custom:video-encoder-webm-vp8: eb34c28f22e8b96e1ab97ce403110664 -> 
  custom:audio-encoder-webm-vorbis: bf7c407c2cedff20999df2af8eb42d56 -> 
  custom:container-demuxer-ogg: 62fdf1f143b41e24485cea50d1cbac27 -> 
  custom:video-decoder-webm-vp8: 9c59270c3fd7afecdb556c50c9e8de78 -> 
  custom:audio-decoder-ogg-vorbis: bf7c407c2cedff20999df2af8eb42d56 -> 
========================================================================
Received Import Request.
  Time since last request: 515.500840 seconds.
  path: Assets/Scenes/Race Scenes/AdvancedRace.unity
  artifactKey: Guid(4e160dff62d7bf059a74393ff92ed9a9) Importer(815301076,1909f56bfc062723c751e8b465ee728b)
Start importing Assets/Scenes/Race Scenes/AdvancedRace.unity using Guid(4e160dff62d7bf059a74393ff92ed9a9) Importer(815301076,1909f56bfc062723c751e8b465ee728b)  -> (artifact id: '49a143a4c5abafa8567ee10539fc09ac') in 0.011041 seconds 
========================================================================
Received Prepare
Registering precompiled user dll's ...
Registered in 0.005232 seconds.
Begin MonoManager ReloadAssembly
Symbol file LoadedFromMemory doesn't match image /mnt/610f68dd-fbc0-49a0-ad55-5625dab5d58a/Github/Marble Run Racer/Library/PackageCache/com.unity.visualscripting@1.7.8/Editor/VisualScripting.Core/Dependencies/YamlDotNet/Unity.VisualScripting.YamlDotNet.dll
Symbol file LoadedFromMemory doesn't match image /mnt/610f68dd-fbc0-49a0-ad55-5625dab5d58a/Github/Marble Run Racer/Library/PackageCache/com.unity.visualscripting@1.7.8/Editor/VisualScripting.Core/Dependencies/DotNetZip/Unity.VisualScripting.IonicZip.dll
Native extension for LinuxStandalone target not found
Native extension for WindowsStandalone target not found
Native extension for OSXStandalone target not found
Native extension for WebGL target not found
Refreshing native plugins compatible for Editor in 1.54 ms, found 0 plugins.
Preloading 0 native plugins for Editor in 0.00 ms.
Mono: successfully reloaded assembly
- Completed reload, in  1.711 seconds
Domain Reload Profiling:
	ReloadAssembly (1711ms)
		BeginReloadAssembly (176ms)
			ExecutionOrderSort (0ms)
			DisableScriptedObjects (8ms)
			BackupInstance (0ms)
			ReleaseScriptingObjects (0ms)
			CreateAndSetChildDomain (55ms)
		EndReloadAssembly (1378ms)
			LoadAssemblies (83ms)
			RebuildTransferFunctionScriptingTraits (0ms)
			SetupTypeCache (440ms)
			ReleaseScriptCaches (2ms)
			RebuildScriptCaches (89ms)
			SetupLoadedEditorAssemblies (688ms)
				LogAssemblyErrors (0ms)
				InitializePlatformSupportModulesInManaged (32ms)
				SetLoadedEditorAssemblies (2ms)
				RefreshPlugins (2ms)
				BeforeProcessingInitializeOnLoad (119ms)
				ProcessInitializeOnLoadAttributes (358ms)
				ProcessInitializeOnLoadMethodAttributes (169ms)
				AfterProcessingInitializeOnLoad (6ms)
				EditorAssembliesLoaded (0ms)
			ExecutionOrderSort2 (0ms)
			AwakeInstancesAfterBackupRestoration (6ms)
Platform modules already initialized, skipping
Refreshing native plugins compatible for Editor in 2.97 ms, found 0 plugins.
Preloading 0 native plugins for Editor in 0.00 ms.
Unloading 5151 Unused Serialized files (Serialized files now loaded: 0)
Unloading 43 unused Assets / (2.0 MB). Loaded Objects now: 5710.
Memory consumption went from 193.2 MB to 191.2 MB.
Total: 11.533474 ms (FindLiveObjects: 0.765890 ms CreateObjectMapping: 0.552051 ms MarkObjects: 9.040752 ms  DeleteObjects: 1.172071 ms)

AssetImportParameters requested are different than current active one (requested -> active):
  custom:video-decoder-ogg-theora: a1e56fd34408186e4bbccfd4996cb3dc -> 
  custom:container-muxer-webm: aa71ff27fc2769a1b78a27578f13a17b -> 
  custom:container-demuxer-webm: 4f35f7cbe854078d1ac9338744f61a02 -> 
  custom:video-encoder-webm-vp8: eb34c28f22e8b96e1ab97ce403110664 -> 
  custom:audio-encoder-webm-vorbis: bf7c407c2cedff20999df2af8eb42d56 -> 
  custom:container-demuxer-ogg: 62fdf1f143b41e24485cea50d1cbac27 -> 
  custom:video-decoder-webm-vp8: 9c59270c3fd7afecdb556c50c9e8de78 -> 
  custom:audio-decoder-ogg-vorbis: bf7c407c2cedff20999df2af8eb42d56 -> 
========================================================================
Received Import Request.
  Time since last request: 1511.032955 seconds.
  path: Assets/Scenes/Race Scenes/BeginnerRace.unity
  artifactKey: Guid(2448bc6199469c5a2b651027177f7e6b) Importer(815301076,1909f56bfc062723c751e8b465ee728b)
Start importing Assets/Scenes/Race Scenes/BeginnerRace.unity using Guid(2448bc6199469c5a2b651027177f7e6b) Importer(815301076,1909f56bfc062723c751e8b465ee728b)  -> (artifact id: '276e9606d15fdf9d3ec3a42143b8d715') in 0.012128 seconds 
========================================================================
Received Import Request.
  Time since last request: 1.553980 seconds.
  path: Assets/Scenes/Race Scenes/AdvancedRace.unity
  artifactKey: Guid(4e160dff62d7bf059a74393ff92ed9a9) Importer(815301076,1909f56bfc062723c751e8b465ee728b)
Start importing Assets/Scenes/Race Scenes/AdvancedRace.unity using Guid(4e160dff62d7bf059a74393ff92ed9a9) Importer(815301076,1909f56bfc062723c751e8b465ee728b)  -> (artifact id: '80b442efd1220df01a4bf83bed8409a0') in 0.000721 seconds 
========================================================================
Received Import Request.
  Time since last request: 0.956461 seconds.
  path: Assets/Scenes/Race Scenes/CheckpointRace.unity
  artifactKey: Guid(e392a50ad03ad1095bb263796041929d) Importer(815301076,1909f56bfc062723c751e8b465ee728b)
Start importing Assets/Scenes/Race Scenes/CheckpointRace.unity using Guid(e392a50ad03ad1095bb263796041929d) Importer(815301076,1909f56bfc062723c751e8b465ee728b)  -> (artifact id: '699d92a04717b16ebd776250712c47e5') in 0.000744 seconds 
========================================================================
Received Import Request.
  Time since last request: 337.715085 seconds.
  path: Assets/Scenes/Dialogue Scenes/AdvancedDialogue.unity
  artifactKey: Guid(3921acba62ea24a3288255770c7cf6d5) Importer(815301076,1909f56bfc062723c751e8b465ee728b)
Start importing Assets/Scenes/Dialogue Scenes/AdvancedDialogue.unity using Guid(3921acba62ea24a3288255770c7cf6d5) Importer(815301076,1909f56bfc062723c751e8b465ee728b)  -> (artifact id: '0c2c1398ffee506b73e688702038a639') in 0.001135 seconds 
========================================================================
Received Import Request.
  Time since last request: 12.114487 seconds.
  path: Assets/Scenes/Menu Scenes/MainMenu.unity
  artifactKey: Guid(9fc0d4010bbf28b4594072e72b8655ab) Importer(815301076,1909f56bfc062723c751e8b465ee728b)
Start importing Assets/Scenes/Menu Scenes/MainMenu.unity using Guid(9fc0d4010bbf28b4594072e72b8655ab) Importer(815301076,1909f56bfc062723c751e8b465ee728b)  -> (artifact id: '0dd019a0a25445e5092391d294cac4ee') in 0.001582 seconds 
========================================================================
Received Import Request.
  Time since last request: 121.827120 seconds.
  path: Assets/Textures/Images
  artifactKey: Guid(a5de05351f3fa56a6b6a53c9cd319d26) Importer(815301076,1909f56bfc062723c751e8b465ee728b)
Start importing Assets/Textures/Images using Guid(a5de05351f3fa56a6b6a53c9cd319d26) Importer(815301076,1909f56bfc062723c751e8b465ee728b)  -> (artifact id: 'ac13bd1449e313c9bb41b8df383d852c') in 0.001962 seconds 
========================================================================
Received Import Request.
  Time since last request: 77.077704 seconds.
  path: Assets/Textures/Images/advanced.png
  artifactKey: Guid(71f1a1574ec67c8cdbf27c1d411962c1) Importer(815301076,1909f56bfc062723c751e8b465ee728b)
Start importing Assets/Textures/Images/advanced.png using Guid(71f1a1574ec67c8cdbf27c1d411962c1) Importer(815301076,1909f56bfc062723c751e8b465ee728b)  -> (artifact id: '9e0567e91c76dbc0b7705eec517b4637') in 0.129120 seconds 
========================================================================
Received Import Request.
  Time since last request: 0.000044 seconds.
  path: Assets/Textures/Images/checkpoint.png
  artifactKey: Guid(ad9cd8d33c59106e7819506696b90caf) Importer(815301076,1909f56bfc062723c751e8b465ee728b)
Start importing Assets/Textures/Images/checkpoint.png using Guid(ad9cd8d33c59106e7819506696b90caf) Importer(815301076,1909f56bfc062723c751e8b465ee728b)  -> (artifact id: '6b004d6643717250cc86679f3f9a50ab') in 0.025347 seconds 
========================================================================
Received Import Request.
  Time since last request: 64.494939 seconds.
  path: Assets/Textures/DialogueObject.asset
  artifactKey: Guid(7417356d84e519ec2a26f0a6793a23a7) Importer(815301076,1909f56bfc062723c751e8b465ee728b)
Start importing Assets/Textures/DialogueObject.asset using Guid(7417356d84e519ec2a26f0a6793a23a7) Importer(815301076,1909f56bfc062723c751e8b465ee728b)  -> (artifact id: '684acc740b57b060f38e5d02062a9c91') in 0.003518 seconds 
========================================================================
Received Import Request.
  Time since last request: 9.199803 seconds.
  path: Assets/Textures/Custom Materials
  artifactKey: Guid(37f9d5e54a542061db293129157986d8) Importer(815301076,1909f56bfc062723c751e8b465ee728b)
Start importing Assets/Textures/Custom Materials using Guid(37f9d5e54a542061db293129157986d8) Importer(815301076,1909f56bfc062723c751e8b465ee728b)  -> (artifact id: 'd4f4f134437274e4642a86f27cf05cee') in 0.001378 seconds 
========================================================================
Received Import Request.
  Time since last request: 5.413902 seconds.
  path: Assets/Textures/Custom Materials/Material.001 Base Color.png
  artifactKey: Guid(e333f7d8494b9bb17b7abcd754e60a16) Importer(815301076,1909f56bfc062723c751e8b465ee728b)
Start importing Assets/Textures/Custom Materials/Material.001 Base Color.png using Guid(e333f7d8494b9bb17b7abcd754e60a16) Importer(815301076,1909f56bfc062723c751e8b465ee728b)  -> (artifact id: '6f872cdd5727c500fbe2c5557c2ee156') in 0.030581 seconds 
========================================================================
Received Import Request.
  Time since last request: 34.912061 seconds.
  path: Assets/Models/bleachers.fbx
  artifactKey: Guid(b2d35c4fe160c2c5ab534f8894f159ca) Importer(815301076,1909f56bfc062723c751e8b465ee728b)
Start importing Assets/Models/bleachers.fbx using Guid(b2d35c4fe160c2c5ab534f8894f159ca) Importer(815301076,1909f56bfc062723c751e8b465ee728b)  -> (artifact id: '39740bd528e499e784432276e353321e') in 0.131140 seconds 
========================================================================
Received Import Request.
  Time since last request: 85.099902 seconds.
  path: Assets/Models/Advanced Dialogue.asset
  artifactKey: Guid(a44834705157d6629872ec56636a4b86) Importer(815301076,1909f56bfc062723c751e8b465ee728b)
Start importing Assets/Models/Advanced Dialogue.asset using Guid(a44834705157d6629872ec56636a4b86) Importer(815301076,1909f56bfc062723c751e8b465ee728b)  -> (artifact id: 'ff708181b44ebb3410d6d894f44f5c55') in 0.003008 seconds 
========================================================================
Received Import Request.
  Time since last request: 2.446209 seconds.
  path: Assets/Models/Beginner Dialogue.asset
  artifactKey: Guid(a3feb8db4086d7e69bae55169d996614) Importer(815301076,1909f56bfc062723c751e8b465ee728b)
Start importing Assets/Models/Beginner Dialogue.asset using Guid(a3feb8db4086d7e69bae55169d996614) Importer(815301076,1909f56bfc062723c751e8b465ee728b)  -> (artifact id: 'c6519fb44f469f50e8ed2bafe4758be8') in 0.003218 seconds 
========================================================================
Received Import Request.
  Time since last request: 1.954496 seconds.
  path: Assets/Models/Checkpoint Dialogue.asset
  artifactKey: Guid(77d523f8b06b1d3bba2c6c9fa2257e3f) Importer(815301076,1909f56bfc062723c751e8b465ee728b)
Start importing Assets/Models/Checkpoint Dialogue.asset using Guid(77d523f8b06b1d3bba2c6c9fa2257e3f) Importer(815301076,1909f56bfc062723c751e8b465ee728b)  -> (artifact id: 'a4dc2bb8be441d2a7112af640e3addcb') in 0.003022 seconds 
========================================================================
Received Import Request.
  Time since last request: 72.160060 seconds.
  path: Assets/Scriptable Objects/Dialogue Objects
  artifactKey: Guid(64d432371cfb4479e9cd40c68667ff98) Importer(815301076,1909f56bfc062723c751e8b465ee728b)
Start importing Assets/Scriptable Objects/Dialogue Objects using Guid(64d432371cfb4479e9cd40c68667ff98) Importer(815301076,1909f56bfc062723c751e8b465ee728b)  -> (artifact id: 'ff584b9aa7326c2a29fe41e5aab40238') in 0.001876 seconds 
========================================================================
Received Import Request.
  Time since last request: 35.008455 seconds.
  path: Assets/Scriptable Objects/Dialogue Objects/CheckpointDialogue.asset
  artifactKey: Guid(478eb55c1b00f87289e02763619d3115) Importer(815301076,1909f56bfc062723c751e8b465ee728b)
Start importing Assets/Scriptable Objects/Dialogue Objects/CheckpointDialogue.asset using Guid(478eb55c1b00f87289e02763619d3115) Importer(815301076,1909f56bfc062723c751e8b465ee728b)  -> (artifact id: 'df4feadecb4e5bc9a94e56cd41894e1f') in 0.003169 seconds 
========================================================================
Received Import Request.
  Time since last request: 29.281407 seconds.
  path: Assets/Scriptable Objects/Dialogue Objects/BeginnerDialogue.asset
  artifactKey: Guid(e608ffab29314180cbaa1583fae5fd21) Importer(815301076,1909f56bfc062723c751e8b465ee728b)
Start importing Assets/Scriptable Objects/Dialogue Objects/BeginnerDialogue.asset using Guid(e608ffab29314180cbaa1583fae5fd21) Importer(815301076,1909f56bfc062723c751e8b465ee728b)  -> (artifact id: '2c1129cb89c09034db202b9efab5cb47') in 0.003123 seconds 
========================================================================
Received Import Request.
  Time since last request: 1.532343 seconds.
  path: Assets/Scriptable Objects/Dialogue Objects/CheckpointDialogue.asset
  artifactKey: Guid(478eb55c1b00f87289e02763619d3115) Importer(815301076,1909f56bfc062723c751e8b465ee728b)
Start importing Assets/Scriptable Objects/Dialogue Objects/CheckpointDialogue.asset using Guid(478eb55c1b00f87289e02763619d3115) Importer(815301076,1909f56bfc062723c751e8b465ee728b)  -> (artifact id: '19b467fbc6a1c38c0d4e4fade11a443a') in 0.001759 seconds 
========================================================================
Received Import Request.
  Time since last request: 8.579846 seconds.
  path: Assets/Scriptable Objects/Dialogue Objects/AdvancedDialogue.asset
  artifactKey: Guid(37176dabcb589e225a865a13660caa17) Importer(815301076,1909f56bfc062723c751e8b465ee728b)
Start importing Assets/Scriptable Objects/Dialogue Objects/AdvancedDialogue.asset using Guid(37176dabcb589e225a865a13660caa17) Importer(815301076,1909f56bfc062723c751e8b465ee728b)  -> (artifact id: 'aa0f5d2ffa1c98da2261dd7c122a50cd') in 0.003399 seconds 
========================================================================
Received Import Request.
  Time since last request: 63.470789 seconds.
  path: Assets/Scriptable Objects/Dialogue Objects/CheckpointDialogue.asset
  artifactKey: Guid(478eb55c1b00f87289e02763619d3115) Importer(815301076,1909f56bfc062723c751e8b465ee728b)
Start importing Assets/Scriptable Objects/Dialogue Objects/CheckpointDialogue.asset using Guid(478eb55c1b00f87289e02763619d3115) Importer(815301076,1909f56bfc062723c751e8b465ee728b)  -> (artifact id: 'c4bdf020cd9115057abd74e945dc59c2') in 0.001772 seconds 
========================================================================
Received Import Request.
  Time since last request: 43.056841 seconds.
  path: Assets/Scriptable Objects/Dialogue Objects/BeginnerDialogue.asset
  artifactKey: Guid(e608ffab29314180cbaa1583fae5fd21) Importer(815301076,1909f56bfc062723c751e8b465ee728b)
Start importing Assets/Scriptable Objects/Dialogue Objects/BeginnerDialogue.asset using Guid(e608ffab29314180cbaa1583fae5fd21) Importer(815301076,1909f56bfc062723c751e8b465ee728b)  -> (artifact id: 'f3b842d29a27ca25232749162e5bf071') in 0.002854 seconds 
========================================================================
Received Import Request.
  Time since last request: 36.790488 seconds.
  path: Assets/Scriptable Objects/Dialogue Objects/AdvancedDialogue.asset
  artifactKey: Guid(37176dabcb589e225a865a13660caa17) Importer(815301076,1909f56bfc062723c751e8b465ee728b)
Start importing Assets/Scriptable Objects/Dialogue Objects/AdvancedDialogue.asset using Guid(37176dabcb589e225a865a13660caa17) Importer(815301076,1909f56bfc062723c751e8b465ee728b)  -> (artifact id: 'bc7a114a6012b0b896d1b2009b672542') in 0.001881 seconds 
========================================================================
Received Import Request.
  Time since last request: 97.915876 seconds.
  path: Assets/Scenes/Race Scenes/BeginnerRace.unity
  artifactKey: Guid(2448bc6199469c5a2b651027177f7e6b) Importer(815301076,1909f56bfc062723c751e8b465ee728b)
Start importing Assets/Scenes/Race Scenes/BeginnerRace.unity using Guid(2448bc6199469c5a2b651027177f7e6b) Importer(815301076,1909f56bfc062723c751e8b465ee728b)  -> (artifact id: '84c82e602a128d8d147d6c9898991f47') in 0.001735 seconds 
========================================================================
Received Import Request.
  Time since last request: 614.546515 seconds.
  path: Assets/Scenes/Race Scenes/AdvancedRace.unity
  artifactKey: Guid(4e160dff62d7bf059a74393ff92ed9a9) Importer(815301076,1909f56bfc062723c751e8b465ee728b)
Start importing Assets/Scenes/Race Scenes/AdvancedRace.unity using Guid(4e160dff62d7bf059a74393ff92ed9a9) Importer(815301076,1909f56bfc062723c751e8b465ee728b)  -> (artifact id: 'd07d93ef1427c11eb33b34ff85a4bdfe') in 0.000838 seconds 
========================================================================
Received Import Request.
  Time since last request: 12.185146 seconds.
  path: Assets/Scenes/Race Scenes/BeginnerRace.unity
  artifactKey: Guid(2448bc6199469c5a2b651027177f7e6b) Importer(815301076,1909f56bfc062723c751e8b465ee728b)
Start importing Assets/Scenes/Race Scenes/BeginnerRace.unity using Guid(2448bc6199469c5a2b651027177f7e6b) Importer(815301076,1909f56bfc062723c751e8b465ee728b)  -> (artifact id: 'e0f81aec0ddb6419a9f0267ed0702df9') in 0.001762 seconds 
========================================================================
Received Import Request.
  Time since last request: 1069.112837 seconds.
  path: Assets/Scenes/Race Scenes/BeginnerRace.unity
  artifactKey: Guid(2448bc6199469c5a2b651027177f7e6b) Importer(815301076,1909f56bfc062723c751e8b465ee728b)
Start importing Assets/Scenes/Race Scenes/BeginnerRace.unity using Guid(2448bc6199469c5a2b651027177f7e6b) Importer(815301076,1909f56bfc062723c751e8b465ee728b)  -> (artifact id: 'aa902ba237e71261b09c85a482c62d28') in 0.001055 seconds 
========================================================================
Received Import Request.
  Time since last request: 1.556232 seconds.
  path: Assets/Scenes/Race Scenes/CheckpointRace.unity
  artifactKey: Guid(e392a50ad03ad1095bb263796041929d) Importer(815301076,1909f56bfc062723c751e8b465ee728b)
Start importing Assets/Scenes/Race Scenes/CheckpointRace.unity using Guid(e392a50ad03ad1095bb263796041929d) Importer(815301076,1909f56bfc062723c751e8b465ee728b)  -> (artifact id: 'fe7572a3fee03bf7f34c9dc14fc54e84') in 0.001780 seconds 
